[INFO 2023-10-05 16:14:16] Starting unique-name/2023-10-05-16-14-16-.log!
[INFO 2023-10-05 16:14:16] Hi, I am a program, starting now!
[DEBUG 2023-10-05 16:14:16] <class 'logging.Logger'>
[INFO 2023-10-05 16:14:16] Starting experiment with random seed 42...
[DEBUG 2023-10-05 16:14:16] generating initial population
[DEBUG 2023-10-05 16:14:16] evaluating initial population
[DEBUG 2023-10-05 16:14:16] [Thread 7] Starting evaluation...
[DEBUG 2023-10-05 16:14:16] [Thread 0] Starting evaluation...
[DEBUG 2023-10-05 16:14:16] [Thread 6] Starting evaluation...
[DEBUG 2023-10-05 16:14:16] [Thread 3] Starting evaluation...
[DEBUG 2023-10-05 16:14:16] [Thread 5] Starting evaluation...
[DEBUG 2023-10-05 16:14:16] [Thread 1] Starting evaluation...
[DEBUG 2023-10-05 16:14:16] [Thread 2] Starting evaluation...
[DEBUG 2023-10-05 16:14:16] [Thread 4] Starting evaluation...
[DEBUG 2023-10-05 16:14:16] [Thread 7] Evaluation finished.
[DEBUG 2023-10-05 16:14:16] [Thread 7] Starting evaluation...
[DEBUG 2023-10-05 16:14:16] [Thread 0] Evaluation finished.
[DEBUG 2023-10-05 16:14:16] [Thread 0] Starting evaluation...
[DEBUG 2023-10-05 16:14:16] [Thread 6] Evaluation finished.
[DEBUG 2023-10-05 16:14:16] [Thread 6] Starting evaluation...
[DEBUG 2023-10-05 16:14:16] [Thread 3] Evaluation finished.
[DEBUG 2023-10-05 16:14:16] [Thread 3] Starting evaluation...
[DEBUG 2023-10-05 16:14:16] [Thread 5] Evaluation finished.
[DEBUG 2023-10-05 16:14:16] [Thread 1] Evaluation finished.
[DEBUG 2023-10-05 16:14:16] [Thread 1] Starting evaluation...
[DEBUG 2023-10-05 16:14:16] [Thread 5] Starting evaluation...
[DEBUG 2023-10-05 16:14:16] [Thread 2] Evaluation finished.
[DEBUG 2023-10-05 16:14:16] [Thread 2] Starting evaluation...
[DEBUG 2023-10-05 16:14:16] [Thread 4] Evaluation finished.
[DEBUG 2023-10-05 16:14:16] [Thread 7] Evaluation finished.
[DEBUG 2023-10-05 16:14:17] [Thread 7] Starting evaluation...
[DEBUG 2023-10-05 16:14:17] [Thread 3] Evaluation finished.
[DEBUG 2023-10-05 16:14:17] [Thread 6] Evaluation finished.
[DEBUG 2023-10-05 16:14:16] [Thread 0] Evaluation finished.
[DEBUG 2023-10-05 16:14:17] [Thread 4] Starting evaluation...
[DEBUG 2023-10-05 16:14:17] [Thread 1] Evaluation finished.
[DEBUG 2023-10-05 16:14:17] [Thread 1] Starting evaluation...
[DEBUG 2023-10-05 16:14:17] [Thread 3] Starting evaluation...
[DEBUG 2023-10-05 16:14:17] [Thread 6] Starting evaluation...
[DEBUG 2023-10-05 16:14:17] [Thread 0] Starting evaluation...
[DEBUG 2023-10-05 16:14:17] [Thread 5] Evaluation finished.
[DEBUG 2023-10-05 16:14:17] [Thread 5] Starting evaluation...
[DEBUG 2023-10-05 16:14:17] [Thread 4] Evaluation finished.
[DEBUG 2023-10-05 16:14:17] [Thread 2] Evaluation finished.
[DEBUG 2023-10-05 16:14:17] [Thread 2] Starting evaluation...
[DEBUG 2023-10-05 16:14:17] [Thread 7] Evaluation finished.
[DEBUG 2023-10-05 16:14:17] [Thread 7] Starting evaluation...
[DEBUG 2023-10-05 16:14:17] [Thread 4] Starting evaluation...
[DEBUG 2023-10-05 16:14:17] [Thread 1] Evaluation finished.
[DEBUG 2023-10-05 16:14:17] [Thread 1] Starting evaluation...
[DEBUG 2023-10-05 16:14:17] [Thread 6] Evaluation finished.
[DEBUG 2023-10-05 16:14:17] [Thread 6] Starting evaluation...
[DEBUG 2023-10-05 16:14:17] [Thread 0] Evaluation finished.
[DEBUG 2023-10-05 16:14:17] [Thread 5] Evaluation finished.
[DEBUG 2023-10-05 16:14:17] [Thread 5] Starting evaluation...
[DEBUG 2023-10-05 16:14:17] [Thread 0] Starting evaluation...
[DEBUG 2023-10-05 16:14:17] [Thread 3] Evaluation finished.
[DEBUG 2023-10-05 16:14:17] [Thread 3] Starting evaluation...
[DEBUG 2023-10-05 16:14:17] [Thread 2] Evaluation finished.
[DEBUG 2023-10-05 16:14:17] [Thread 2] Starting evaluation...
[DEBUG 2023-10-05 16:14:17] [Thread 4] Evaluation finished.
[DEBUG 2023-10-05 16:14:17] [Thread 4] Starting evaluation...
[DEBUG 2023-10-05 16:14:17] [Thread 7] Evaluation finished.
[DEBUG 2023-10-05 16:14:17] [Thread 7] Starting evaluation...
[DEBUG 2023-10-05 16:14:17] [Thread 1] Evaluation finished.
[DEBUG 2023-10-05 16:14:17] [Thread 1] Starting evaluation...
[DEBUG 2023-10-05 16:14:17] [Thread 6] Evaluation finished.
[DEBUG 2023-10-05 16:14:17] [Thread 6] Starting evaluation...
[DEBUG 2023-10-05 16:14:17] [Thread 5] Evaluation finished.
[DEBUG 2023-10-05 16:14:17] [Thread 0] Evaluation finished.
[DEBUG 2023-10-05 16:14:17] [Thread 0] Starting evaluation...
[DEBUG 2023-10-05 16:14:17] [Thread 2] Evaluation finished.
[DEBUG 2023-10-05 16:14:17] [Thread 2] Starting evaluation...
[DEBUG 2023-10-05 16:14:17] [Thread 5] Starting evaluation...
[DEBUG 2023-10-05 16:14:17] [Thread 3] Evaluation finished.
[DEBUG 2023-10-05 16:14:17] [Thread 3] Starting evaluation...
[DEBUG 2023-10-05 16:14:17] [Thread 4] Evaluation finished.
[DEBUG 2023-10-05 16:14:17] [Thread 4] Starting evaluation...
[DEBUG 2023-10-05 16:14:17] [Thread 1] Evaluation finished.
[DEBUG 2023-10-05 16:14:17] [Thread 6] Evaluation finished.
[DEBUG 2023-10-05 16:14:17] [Thread 6] Starting evaluation...
[DEBUG 2023-10-05 16:14:17] [Thread 0] Evaluation finished.
[DEBUG 2023-10-05 16:14:17] [Thread 0] Starting evaluation...
[DEBUG 2023-10-05 16:14:17] [Thread 7] Evaluation finished.
[DEBUG 2023-10-05 16:14:17] [Thread 7] Starting evaluation...
[DEBUG 2023-10-05 16:14:17] [Thread 2] Evaluation finished.
[DEBUG 2023-10-05 16:14:17] [Thread 2] Starting evaluation...
[DEBUG 2023-10-05 16:14:17] [Thread 1] Starting evaluation...
[DEBUG 2023-10-05 16:14:17] [Thread 3] Evaluation finished.
[DEBUG 2023-10-05 16:14:17] [Thread 3] Starting evaluation...
[DEBUG 2023-10-05 16:14:17] [Thread 4] Evaluation finished.
[DEBUG 2023-10-05 16:14:17] [Thread 4] Starting evaluation...
[DEBUG 2023-10-05 16:14:17] [Thread 6] Evaluation finished.
[DEBUG 2023-10-05 16:14:17] [Thread 5] Evaluation finished.
[DEBUG 2023-10-05 16:14:17] [Thread 5] Starting evaluation...
[DEBUG 2023-10-05 16:14:17] [Thread 7] Evaluation finished.
[DEBUG 2023-10-05 16:14:17] [Thread 7] Starting evaluation...
[DEBUG 2023-10-05 16:14:17] [Thread 0] Evaluation finished.
[DEBUG 2023-10-05 16:14:17] [Thread 0] Starting evaluation...
[DEBUG 2023-10-05 16:14:17] [Thread 6] Starting evaluation...
[DEBUG 2023-10-05 16:14:17] [Thread 2] Evaluation finished.
[DEBUG 2023-10-05 16:14:17] [Thread 1] Evaluation finished.
[DEBUG 2023-10-05 16:14:17] [Thread 3] Evaluation finished.
[DEBUG 2023-10-05 16:14:17] [Thread 3] Starting evaluation...
[DEBUG 2023-10-05 16:14:17] [Thread 2] Starting evaluation...
[DEBUG 2023-10-05 16:14:17] [Thread 1] Starting evaluation...
[DEBUG 2023-10-05 16:14:17] [Thread 4] Evaluation finished.
[DEBUG 2023-10-05 16:14:17] [Thread 5] Evaluation finished.
[DEBUG 2023-10-05 16:14:17] [Thread 5] Starting evaluation...
[DEBUG 2023-10-05 16:14:17] [Thread 7] Evaluation finished.
[DEBUG 2023-10-05 16:14:17] [Thread 4] Starting evaluation...
[DEBUG 2023-10-05 16:14:17] [Thread 7] Starting evaluation...
[DEBUG 2023-10-05 16:14:17] [Thread 0] Evaluation finished.
[DEBUG 2023-10-05 16:14:17] [Thread 0] Starting evaluation...
[DEBUG 2023-10-05 16:14:17] [Thread 6] Evaluation finished.
[DEBUG 2023-10-05 16:14:17] [Thread 6] Starting evaluation...
[DEBUG 2023-10-05 16:14:17] [Thread 3] Evaluation finished.
[DEBUG 2023-10-05 16:14:17] [Thread 3] Starting evaluation...
[DEBUG 2023-10-05 16:14:17] [Thread 2] Evaluation finished.
[DEBUG 2023-10-05 16:14:17] [Thread 2] Starting evaluation...
[DEBUG 2023-10-05 16:14:17] [Thread 5] Evaluation finished.
[DEBUG 2023-10-05 16:14:17] [Thread 5] Starting evaluation...
[DEBUG 2023-10-05 16:14:17] [Thread 1] Evaluation finished.
[DEBUG 2023-10-05 16:14:17] [Thread 1] Starting evaluation...
[DEBUG 2023-10-05 16:14:17] [Thread 4] Evaluation finished.
[DEBUG 2023-10-05 16:14:17] [Thread 4] Starting evaluation...
[DEBUG 2023-10-05 16:14:17] [Thread 7] Evaluation finished.
[DEBUG 2023-10-05 16:14:17] [Thread 0] Evaluation finished.
[DEBUG 2023-10-05 16:14:17] [Thread 6] Evaluation finished.
[DEBUG 2023-10-05 16:14:17] [Thread 6] Starting evaluation...
[DEBUG 2023-10-05 16:14:17] [Thread 3] Evaluation finished.
[DEBUG 2023-10-05 16:14:17] [Thread 3] Starting evaluation...
[DEBUG 2023-10-05 16:14:17] [Thread 0] Starting evaluation...
[DEBUG 2023-10-05 16:14:17] [Thread 7] Starting evaluation...
[DEBUG 2023-10-05 16:14:17] [Thread 2] Evaluation finished.
[DEBUG 2023-10-05 16:14:17] [Thread 5] Evaluation finished.
[DEBUG 2023-10-05 16:14:17] [Thread 5] Starting evaluation...
[DEBUG 2023-10-05 16:14:17] [Thread 6] Evaluation finished.
[DEBUG 2023-10-05 16:14:17] [Thread 4] Evaluation finished.
[DEBUG 2023-10-05 16:14:17] [Thread 2] Starting evaluation...
[DEBUG 2023-10-05 16:14:17] [Thread 1] Evaluation finished.
[DEBUG 2023-10-05 16:14:17] [Thread 1] Starting evaluation...
[DEBUG 2023-10-05 16:14:17] [Thread 3] Evaluation finished.
[DEBUG 2023-10-05 16:14:17] [Thread 3] Starting evaluation...
[DEBUG 2023-10-05 16:14:17] [Thread 4] Starting evaluation...
[DEBUG 2023-10-05 16:14:17] [Thread 6] Starting evaluation...
[DEBUG 2023-10-05 16:14:17] [Thread 7] Evaluation finished.
[DEBUG 2023-10-05 16:14:17] [Thread 7] Starting evaluation...
[DEBUG 2023-10-05 16:14:17] [Thread 0] Evaluation finished.
[DEBUG 2023-10-05 16:14:17] [Thread 0] Starting evaluation...
[DEBUG 2023-10-05 16:14:17] [Thread 5] Evaluation finished.
[DEBUG 2023-10-05 16:14:17] [Thread 5] Starting evaluation...
[DEBUG 2023-10-05 16:14:17] [Thread 2] Evaluation finished.
[DEBUG 2023-10-05 16:14:17] [Thread 1] Evaluation finished.
[DEBUG 2023-10-05 16:14:17] [Thread 4] Evaluation finished.
[DEBUG 2023-10-05 16:14:17] [Thread 4] Starting evaluation...
[DEBUG 2023-10-05 16:14:17] [Thread 1] Starting evaluation...
[DEBUG 2023-10-05 16:14:17] [Thread 3] Evaluation finished.
[DEBUG 2023-10-05 16:14:17] [Thread 3] Starting evaluation...
[DEBUG 2023-10-05 16:14:17] [Thread 6] Evaluation finished.
[DEBUG 2023-10-05 16:14:17] [Thread 6] Starting evaluation...
[DEBUG 2023-10-05 16:14:17] [Thread 7] Evaluation finished.
[DEBUG 2023-10-05 16:14:17] [Thread 5] Evaluation finished.
[DEBUG 2023-10-05 16:14:17] [Thread 2] Starting evaluation...
[DEBUG 2023-10-05 16:14:17] [Thread 0] Evaluation finished.
[DEBUG 2023-10-05 16:14:17] [Thread 0] Starting evaluation...
[DEBUG 2023-10-05 16:14:17] [Thread 4] Evaluation finished.
[DEBUG 2023-10-05 16:14:17] [Thread 5] Starting evaluation...
[DEBUG 2023-10-05 16:14:17] [Thread 4] Starting evaluation...
[DEBUG 2023-10-05 16:14:17] [Thread 7] Starting evaluation...
[DEBUG 2023-10-05 16:14:17] [Thread 1] Evaluation finished.
[DEBUG 2023-10-05 16:14:17] [Thread 1] Starting evaluation...
[DEBUG 2023-10-05 16:14:17] [Thread 6] Evaluation finished.
[DEBUG 2023-10-05 16:14:17] [Thread 3] Evaluation finished.
[DEBUG 2023-10-05 16:14:17] [Thread 6] Starting evaluation...
[DEBUG 2023-10-05 16:14:17] [Thread 2] Evaluation finished.
[DEBUG 2023-10-05 16:14:17] [Thread 2] Starting evaluation...
[DEBUG 2023-10-05 16:14:17] [Thread 3] Starting evaluation...
[DEBUG 2023-10-05 16:14:17] [Thread 0] Evaluation finished.
[DEBUG 2023-10-05 16:14:18] [Thread 5] Evaluation finished.
[DEBUG 2023-10-05 16:14:18] [Thread 5] Starting evaluation...
[DEBUG 2023-10-05 16:14:18] [Thread 4] Evaluation finished.
[DEBUG 2023-10-05 16:14:18] Starting multi-threaded evaluation...
[DEBUG 2023-10-05 16:14:18] [Thread 4] Starting evaluation...
[DEBUG 2023-10-05 16:14:18] [Thread 7] Evaluation finished.
[DEBUG 2023-10-05 16:14:18] [Thread 7] Starting evaluation...
[DEBUG 2023-10-05 16:14:18] [Thread 0] Starting evaluation...
[DEBUG 2023-10-05 16:14:18] [Thread 1] Evaluation finished.
[DEBUG 2023-10-05 16:14:18] [Thread 6] Evaluation finished.
[DEBUG 2023-10-05 16:14:18] [Thread 6] Starting evaluation...
[DEBUG 2023-10-05 16:14:18] [Thread 3] Evaluation finished.
[DEBUG 2023-10-05 16:14:18] [Thread 3] Starting evaluation...
[DEBUG 2023-10-05 16:14:18] [Thread 4] Evaluation finished.
[DEBUG 2023-10-05 16:14:18] [Thread 2] Evaluation finished.
[DEBUG 2023-10-05 16:14:18] [Thread 1] Starting evaluation...
[DEBUG 2023-10-05 16:14:18] [Thread 5] Evaluation finished.
[DEBUG 2023-10-05 16:14:18] [Thread 5] Starting evaluation...
[DEBUG 2023-10-05 16:14:18] [Thread 0] Evaluation finished.
[DEBUG 2023-10-05 16:14:18] [Thread 6] Evaluation finished.
[DEBUG 2023-10-05 16:14:18] [Thread 3] Evaluation finished.
[DEBUG 2023-10-05 16:14:18] [Thread 2] Starting evaluation...
[DEBUG 2023-10-05 16:14:18] [Thread 4] Starting evaluation...
[DEBUG 2023-10-05 16:14:18] [Thread 7] Evaluation finished.
[DEBUG 2023-10-05 16:14:18] [Thread 2] Evaluation finished.
[DEBUG 2023-10-05 16:14:18] [Thread 1] Evaluation finished.
[DEBUG 2023-10-05 16:14:18] [Thread 5] Evaluation finished.
[DEBUG 2023-10-05 16:14:18] [Thread 4] Evaluation finished.
[DEBUG 2023-10-05 16:14:18] population size is now 100
[DEBUG 2023-10-05 16:14:18] archiving initial population
