[INFO 2023-10-05 16:21:57] Starting unique-name/2023-10-05-16-21-57-.log!
[INFO 2023-10-05 16:21:57] Hi, I am a program, starting now!
[DEBUG 2023-10-05 16:21:57] <class 'logging.Logger'>
[INFO 2023-10-05 16:21:57] Starting experiment with random seed 42...
[DEBUG 2023-10-05 16:21:57] generating initial population
[DEBUG 2023-10-05 16:21:57] evaluating initial population
[DEBUG 2023-10-05 16:21:57] [Thread 1] Starting evaluation...
[DEBUG 2023-10-05 16:21:57] [Thread 0] Starting evaluation...
[DEBUG 2023-10-05 16:21:57] [Thread 4] Starting evaluation...
[DEBUG 2023-10-05 16:21:57] [Thread 7] Starting evaluation...
[DEBUG 2023-10-05 16:21:57] [Thread 5] Starting evaluation...
[DEBUG 2023-10-05 16:21:57] [Thread 6] Starting evaluation...
[DEBUG 2023-10-05 16:21:57] [Thread 3] Starting evaluation...
[DEBUG 2023-10-05 16:21:57] [Thread 2] Starting evaluation...
[DEBUG 2023-10-05 16:21:57] [Thread 1] Evaluation finished.
[DEBUG 2023-10-05 16:21:57] [Thread 1] Starting evaluation...
[DEBUG 2023-10-05 16:21:57] [Thread 0] Evaluation finished.
[DEBUG 2023-10-05 16:21:57] [Thread 0] Starting evaluation...
[DEBUG 2023-10-05 16:21:57] [Thread 4] Evaluation finished.
[DEBUG 2023-10-05 16:21:57] [Thread 4] Starting evaluation...
[DEBUG 2023-10-05 16:21:58] [Thread 7] Evaluation finished.
[DEBUG 2023-10-05 16:21:58] [Thread 7] Starting evaluation...
[DEBUG 2023-10-05 16:21:58] [Thread 5] Evaluation finished.
[DEBUG 2023-10-05 16:21:58] [Thread 5] Starting evaluation...
[DEBUG 2023-10-05 16:21:58] [Thread 6] Evaluation finished.
[DEBUG 2023-10-05 16:21:58] [Thread 3] Evaluation finished.
[DEBUG 2023-10-05 16:21:58] [Thread 2] Evaluation finished.
[DEBUG 2023-10-05 16:21:58] [Thread 2] Starting evaluation...
[DEBUG 2023-10-05 16:21:58] [Thread 3] Starting evaluation...
[DEBUG 2023-10-05 16:21:58] [Thread 6] Starting evaluation...
[DEBUG 2023-10-05 16:21:58] [Thread 4] Evaluation finished.
[DEBUG 2023-10-05 16:21:58] [Thread 4] Starting evaluation...
[DEBUG 2023-10-05 16:21:58] [Thread 1] Evaluation finished.
[DEBUG 2023-10-05 16:21:58] [Thread 1] Starting evaluation...
[DEBUG 2023-10-05 16:21:58] [Thread 2] Evaluation finished.
[DEBUG 2023-10-05 16:21:58] [Thread 0] Evaluation finished.
[DEBUG 2023-10-05 16:21:58] [Thread 0] Starting evaluation...
[DEBUG 2023-10-05 16:21:58] [Thread 5] Evaluation finished.
[DEBUG 2023-10-05 16:21:58] [Thread 5] Starting evaluation...
[DEBUG 2023-10-05 16:21:58] [Thread 7] Evaluation finished.
[DEBUG 2023-10-05 16:21:58] [Thread 7] Starting evaluation...
[DEBUG 2023-10-05 16:21:58] [Thread 6] Evaluation finished.
[DEBUG 2023-10-05 16:21:58] [Thread 2] Starting evaluation...
[DEBUG 2023-10-05 16:21:58] [Thread 3] Evaluation finished.
[DEBUG 2023-10-05 16:21:58] [Thread 3] Starting evaluation...
[DEBUG 2023-10-05 16:21:58] [Thread 1] Evaluation finished.
[DEBUG 2023-10-05 16:21:58] [Thread 6] Starting evaluation...
[DEBUG 2023-10-05 16:21:58] [Thread 4] Evaluation finished.
[DEBUG 2023-10-05 16:21:58] [Thread 4] Starting evaluation...
[DEBUG 2023-10-05 16:21:58] [Thread 0] Evaluation finished.
[DEBUG 2023-10-05 16:21:58] [Thread 1] Starting evaluation...
[DEBUG 2023-10-05 16:21:58] [Thread 0] Starting evaluation...
[DEBUG 2023-10-05 16:21:58] [Thread 5] Evaluation finished.
[DEBUG 2023-10-05 16:21:58] [Thread 5] Starting evaluation...
[DEBUG 2023-10-05 16:21:58] [Thread 7] Evaluation finished.
[DEBUG 2023-10-05 16:21:58] [Thread 7] Starting evaluation...
[DEBUG 2023-10-05 16:21:58] [Thread 2] Evaluation finished.
[DEBUG 2023-10-05 16:21:58] [Thread 2] Starting evaluation...
[DEBUG 2023-10-05 16:21:58] [Thread 3] Evaluation finished.
[DEBUG 2023-10-05 16:21:58] [Thread 3] Starting evaluation...
[DEBUG 2023-10-05 16:21:58] [Thread 6] Evaluation finished.
[DEBUG 2023-10-05 16:21:58] [Thread 6] Starting evaluation...
[DEBUG 2023-10-05 16:21:58] [Thread 4] Evaluation finished.
[DEBUG 2023-10-05 16:21:58] [Thread 4] Starting evaluation...
[DEBUG 2023-10-05 16:21:58] [Thread 1] Evaluation finished.
[DEBUG 2023-10-05 16:21:58] [Thread 0] Evaluation finished.
[DEBUG 2023-10-05 16:21:58] [Thread 5] Evaluation finished.
[DEBUG 2023-10-05 16:21:58] [Thread 7] Evaluation finished.
[DEBUG 2023-10-05 16:21:58] [Thread 7] Starting evaluation...
[DEBUG 2023-10-05 16:21:58] [Thread 0] Starting evaluation...
[DEBUG 2023-10-05 16:21:58] [Thread 1] Starting evaluation...
[DEBUG 2023-10-05 16:21:58] [Thread 5] Starting evaluation...
[DEBUG 2023-10-05 16:21:58] [Thread 2] Evaluation finished.
[DEBUG 2023-10-05 16:21:58] [Thread 2] Starting evaluation...
[DEBUG 2023-10-05 16:21:58] [Thread 6] Evaluation finished.
[DEBUG 2023-10-05 16:21:58] [Thread 3] Evaluation finished.
[DEBUG 2023-10-05 16:21:58] [Thread 3] Starting evaluation...
[DEBUG 2023-10-05 16:21:58] [Thread 6] Starting evaluation...
[DEBUG 2023-10-05 16:21:58] [Thread 4] Evaluation finished.
[DEBUG 2023-10-05 16:21:58] [Thread 4] Starting evaluation...
[DEBUG 2023-10-05 16:21:58] [Thread 7] Evaluation finished.
[DEBUG 2023-10-05 16:21:58] [Thread 7] Starting evaluation...
[DEBUG 2023-10-05 16:21:58] [Thread 0] Evaluation finished.
[DEBUG 2023-10-05 16:21:58] [Thread 0] Starting evaluation...
[DEBUG 2023-10-05 16:21:58] [Thread 2] Evaluation finished.
[DEBUG 2023-10-05 16:21:58] [Thread 5] Evaluation finished.
[DEBUG 2023-10-05 16:21:58] [Thread 5] Starting evaluation...
[DEBUG 2023-10-05 16:21:58] [Thread 1] Evaluation finished.
[DEBUG 2023-10-05 16:21:58] [Thread 1] Starting evaluation...
[DEBUG 2023-10-05 16:21:58] [Thread 3] Evaluation finished.
[DEBUG 2023-10-05 16:21:58] [Thread 2] Starting evaluation...
[DEBUG 2023-10-05 16:21:58] [Thread 6] Evaluation finished.
[DEBUG 2023-10-05 16:21:58] [Thread 4] Evaluation finished.
[DEBUG 2023-10-05 16:21:58] [Thread 7] Evaluation finished.
[DEBUG 2023-10-05 16:21:58] [Thread 3] Starting evaluation...
[DEBUG 2023-10-05 16:21:58] [Thread 6] Starting evaluation...
[DEBUG 2023-10-05 16:21:58] [Thread 4] Starting evaluation...
[DEBUG 2023-10-05 16:21:58] [Thread 7] Starting evaluation...
[DEBUG 2023-10-05 16:21:58] [Thread 0] Evaluation finished.
[DEBUG 2023-10-05 16:21:58] [Thread 5] Evaluation finished.
[DEBUG 2023-10-05 16:21:58] [Thread 1] Evaluation finished.
[DEBUG 2023-10-05 16:21:58] [Thread 2] Evaluation finished.
[DEBUG 2023-10-05 16:21:58] [Thread 5] Starting evaluation...
[DEBUG 2023-10-05 16:21:58] [Thread 1] Starting evaluation...
[DEBUG 2023-10-05 16:21:58] [Thread 2] Starting evaluation...
[DEBUG 2023-10-05 16:21:58] [Thread 0] Starting evaluation...
[DEBUG 2023-10-05 16:21:58] [Thread 3] Evaluation finished.
[DEBUG 2023-10-05 16:21:58] [Thread 6] Evaluation finished.
[DEBUG 2023-10-05 16:21:58] [Thread 4] Evaluation finished.
[DEBUG 2023-10-05 16:21:58] [Thread 4] Starting evaluation...
[DEBUG 2023-10-05 16:21:58] [Thread 6] Starting evaluation...
[DEBUG 2023-10-05 16:21:58] [Thread 3] Starting evaluation...
[DEBUG 2023-10-05 16:21:58] [Thread 7] Evaluation finished.
[DEBUG 2023-10-05 16:21:58] [Thread 7] Starting evaluation...
[DEBUG 2023-10-05 16:21:58] [Thread 5] Evaluation finished.
[DEBUG 2023-10-05 16:21:58] [Thread 5] Starting evaluation...
[DEBUG 2023-10-05 16:21:58] [Thread 2] Evaluation finished.
[DEBUG 2023-10-05 16:21:58] [Thread 1] Evaluation finished.
[DEBUG 2023-10-05 16:21:58] [Thread 0] Evaluation finished.
[DEBUG 2023-10-05 16:21:58] [Thread 0] Starting evaluation...
[DEBUG 2023-10-05 16:21:58] [Thread 6] Evaluation finished.
[DEBUG 2023-10-05 16:21:58] [Thread 6] Starting evaluation...
[DEBUG 2023-10-05 16:21:58] [Thread 1] Starting evaluation...
[DEBUG 2023-10-05 16:21:58] [Thread 2] Starting evaluation...
[DEBUG 2023-10-05 16:21:58] [Thread 4] Evaluation finished.
[DEBUG 2023-10-05 16:21:58] [Thread 4] Starting evaluation...
[DEBUG 2023-10-05 16:21:58] [Thread 3] Evaluation finished.
[DEBUG 2023-10-05 16:21:58] [Thread 7] Evaluation finished.
[DEBUG 2023-10-05 16:21:58] [Thread 5] Evaluation finished.
[DEBUG 2023-10-05 16:21:58] [Thread 5] Starting evaluation...
[DEBUG 2023-10-05 16:21:58] [Thread 7] Starting evaluation...
[DEBUG 2023-10-05 16:21:58] [Thread 3] Starting evaluation...
[DEBUG 2023-10-05 16:21:58] [Thread 0] Evaluation finished.
[DEBUG 2023-10-05 16:21:58] [Thread 0] Starting evaluation...
[DEBUG 2023-10-05 16:21:58] [Thread 1] Evaluation finished.
[DEBUG 2023-10-05 16:21:58] [Thread 6] Evaluation finished.
[DEBUG 2023-10-05 16:21:58] [Thread 6] Starting evaluation...
[DEBUG 2023-10-05 16:21:58] [Thread 4] Evaluation finished.
[DEBUG 2023-10-05 16:21:58] [Thread 4] Starting evaluation...
[DEBUG 2023-10-05 16:21:58] [Thread 5] Evaluation finished.
[DEBUG 2023-10-05 16:21:58] [Thread 5] Starting evaluation...
[DEBUG 2023-10-05 16:21:58] [Thread 1] Starting evaluation...
[DEBUG 2023-10-05 16:21:58] [Thread 2] Evaluation finished.
[DEBUG 2023-10-05 16:21:58] [Thread 2] Starting evaluation...
[DEBUG 2023-10-05 16:21:58] [Thread 7] Evaluation finished.
[DEBUG 2023-10-05 16:21:58] [Thread 7] Starting evaluation...
[DEBUG 2023-10-05 16:21:58] [Thread 3] Evaluation finished.
[DEBUG 2023-10-05 16:21:58] [Thread 0] Evaluation finished.
[DEBUG 2023-10-05 16:21:58] [Thread 0] Starting evaluation...
[DEBUG 2023-10-05 16:21:58] [Thread 5] Evaluation finished.
[DEBUG 2023-10-05 16:21:58] [Thread 3] Starting evaluation...
[DEBUG 2023-10-05 16:21:58] [Thread 6] Evaluation finished.
[DEBUG 2023-10-05 16:21:59] [Thread 6] Starting evaluation...
[DEBUG 2023-10-05 16:21:58] [Thread 1] Evaluation finished.
[DEBUG 2023-10-05 16:21:59] [Thread 1] Starting evaluation...
[DEBUG 2023-10-05 16:21:58] [Thread 2] Evaluation finished.
[DEBUG 2023-10-05 16:21:59] [Thread 2] Starting evaluation...
[DEBUG 2023-10-05 16:21:59] [Thread 5] Starting evaluation...
[DEBUG 2023-10-05 16:21:58] [Thread 7] Evaluation finished.
[DEBUG 2023-10-05 16:21:59] [Thread 7] Starting evaluation...
[DEBUG 2023-10-05 16:21:58] [Thread 4] Evaluation finished.
[DEBUG 2023-10-05 16:21:59] [Thread 4] Starting evaluation...
[DEBUG 2023-10-05 16:21:59] [Thread 0] Evaluation finished.
[DEBUG 2023-10-05 16:21:59] [Thread 3] Evaluation finished.
[DEBUG 2023-10-05 16:21:59] [Thread 3] Starting evaluation...
[DEBUG 2023-10-05 16:21:59] [Thread 0] Starting evaluation...
[DEBUG 2023-10-05 16:21:59] [Thread 6] Evaluation finished.
[DEBUG 2023-10-05 16:21:59] [Thread 1] Evaluation finished.
[DEBUG 2023-10-05 16:21:59] [Thread 1] Starting evaluation...
[DEBUG 2023-10-05 16:21:59] [Thread 6] Starting evaluation...
[DEBUG 2023-10-05 16:21:59] [Thread 5] Evaluation finished.
[DEBUG 2023-10-05 16:21:59] [Thread 2] Evaluation finished.
[DEBUG 2023-10-05 16:21:59] [Thread 2] Starting evaluation...
[DEBUG 2023-10-05 16:21:59] [Thread 5] Starting evaluation...
[DEBUG 2023-10-05 16:21:59] [Thread 3] Evaluation finished.
[DEBUG 2023-10-05 16:21:59] [Thread 3] Starting evaluation...
[DEBUG 2023-10-05 16:21:59] [Thread 4] Evaluation finished.
[DEBUG 2023-10-05 16:21:59] [Thread 0] Evaluation finished.
[DEBUG 2023-10-05 16:21:59] [Thread 0] Starting evaluation...
[DEBUG 2023-10-05 16:21:59] [Thread 1] Evaluation finished.
[DEBUG 2023-10-05 16:21:59] [Thread 1] Starting evaluation...
[DEBUG 2023-10-05 16:21:59] Starting multi-threaded evaluation...
[DEBUG 2023-10-05 16:21:59] [Thread 7] Evaluation finished.
[DEBUG 2023-10-05 16:21:59] [Thread 7] Starting evaluation...
[DEBUG 2023-10-05 16:21:59] [Thread 6] Evaluation finished.
[DEBUG 2023-10-05 16:21:59] [Thread 4] Starting evaluation...
[DEBUG 2023-10-05 16:21:59] [Thread 6] Starting evaluation...
[DEBUG 2023-10-05 16:21:59] [Thread 2] Evaluation finished.
[DEBUG 2023-10-05 16:21:59] [Thread 2] Starting evaluation...
[DEBUG 2023-10-05 16:21:59] [Thread 5] Evaluation finished.
[DEBUG 2023-10-05 16:21:59] [Thread 5] Starting evaluation...
[DEBUG 2023-10-05 16:21:59] [Thread 3] Evaluation finished.
[DEBUG 2023-10-05 16:21:59] [Thread 1] Evaluation finished.
[DEBUG 2023-10-05 16:21:59] [Thread 0] Evaluation finished.
[DEBUG 2023-10-05 16:21:59] [Thread 0] Starting evaluation...
[DEBUG 2023-10-05 16:21:59] [Thread 1] Starting evaluation...
[DEBUG 2023-10-05 16:21:59] [Thread 3] Starting evaluation...
[DEBUG 2023-10-05 16:21:59] [Thread 4] Evaluation finished.
[DEBUG 2023-10-05 16:21:59] [Thread 4] Starting evaluation...
[DEBUG 2023-10-05 16:21:59] [Thread 5] Evaluation finished.
[DEBUG 2023-10-05 16:21:59] [Thread 3] Evaluation finished.
[DEBUG 2023-10-05 16:21:59] [Thread 7] Evaluation finished.
[DEBUG 2023-10-05 16:21:59] [Thread 2] Evaluation finished.
[DEBUG 2023-10-05 16:21:59] [Thread 0] Evaluation finished.
[DEBUG 2023-10-05 16:21:59] [Thread 1] Evaluation finished.
[DEBUG 2023-10-05 16:21:59] [Thread 4] Evaluation finished.
[DEBUG 2023-10-05 16:21:59] [Thread 6] Evaluation finished.
[DEBUG 2023-10-05 16:21:59] population size is now 100
[DEBUG 2023-10-05 16:21:59] archiving initial population
