[INFO 2024-03-20 16:36:41] Starting unique-name/2024-03-20-16-36-41-.log!
[INFO 2024-03-20 16:36:41] Hi, I am a program, starting now !

[DEBUG 2024-03-20 16:36:41] <class 'logging.Logger'>
[INFO 2024-03-20 16:36:41] Starting experiment with random seed 42...
[DEBUG 2024-03-20 16:36:41] generating initial population
[DEBUG 2024-03-20 16:36:41] evaluating initial population
[DEBUG 2024-03-20 16:36:41] Starting multi-threaded evaluation...
[DEBUG 2024-03-20 16:36:41] population size is now 200
[DEBUG 2024-03-20 16:36:41] archiving initial population
[DEBUG 2024-03-20 16:36:41] archive size is now 200
[DEBUG 2024-03-20 16:36:41] population size is now 200
[DEBUG 2024-03-20 16:36:41] observation using observer at generation 0 and evaluation 200
[INFO 2024-03-20 16:36:41] Generation 0 (200 evaluations), best individual fitness: [8.147221587158286, 8.147221587158286]
[DEBUG 2024-03-20 16:36:41] Saving population file to "unique-name/42-population.csv-generation-0.csv"...
[DEBUG 2024-03-20 16:36:41] termination test using evaluation_termination at generation 0 and evaluation 200
[DEBUG 2024-03-20 16:36:41] selection using tournament_selection at generation 0 and evaluation 200
[DEBUG 2024-03-20 16:36:41] selected 50 candidates
[DEBUG 2024-03-20 16:36:41] variation using n_point_crossover at generation 0 and evaluation 200
[DEBUG 2024-03-20 16:36:41] variation using gaussian_mutation at generation 0 and evaluation 200
[DEBUG 2024-03-20 16:36:41] created 50 offspring
[DEBUG 2024-03-20 16:36:41] evaluation using multi_thread_evaluator at generation 0 and evaluation 200
[DEBUG 2024-03-20 16:36:41] Starting multi-threaded evaluation...
[DEBUG 2024-03-20 16:36:41] replacement using nsga_replacement at generation 0 and evaluation 250
[DEBUG 2024-03-20 16:36:41] population size is now 200
[DEBUG 2024-03-20 16:36:41] migration using default_migration at generation 0 and evaluation 250
[DEBUG 2024-03-20 16:36:41] population size is now 200
[DEBUG 2024-03-20 16:36:41] archival using best_archiver at generation 0 and evaluation 250
[DEBUG 2024-03-20 16:36:41] archive size is now 201
[DEBUG 2024-03-20 16:36:41] population size is now 200
[DEBUG 2024-03-20 16:36:41] observation using observer at generation 1 and evaluation 250
[INFO 2024-03-20 16:36:41] Generation 1 (250 evaluations), best individual fitness: [8.147221587158286, 8.147221587158286]
[DEBUG 2024-03-20 16:36:41] Saving population file to "unique-name/42-population.csv-generation-1.csv"...
[DEBUG 2024-03-20 16:36:41] termination test using evaluation_termination at generation 1 and evaluation 250
[DEBUG 2024-03-20 16:36:41] selection using tournament_selection at generation 1 and evaluation 250
[DEBUG 2024-03-20 16:36:41] selected 50 candidates
[DEBUG 2024-03-20 16:36:41] variation using n_point_crossover at generation 1 and evaluation 250
[DEBUG 2024-03-20 16:36:41] variation using gaussian_mutation at generation 1 and evaluation 250
[DEBUG 2024-03-20 16:36:41] created 50 offspring
[DEBUG 2024-03-20 16:36:41] evaluation using multi_thread_evaluator at generation 1 and evaluation 250
[DEBUG 2024-03-20 16:36:41] Starting multi-threaded evaluation...
[DEBUG 2024-03-20 16:36:41] replacement using nsga_replacement at generation 1 and evaluation 300
[DEBUG 2024-03-20 16:36:41] population size is now 200
[DEBUG 2024-03-20 16:36:41] migration using default_migration at generation 1 and evaluation 300
[DEBUG 2024-03-20 16:36:41] population size is now 200
[DEBUG 2024-03-20 16:36:41] archival using best_archiver at generation 1 and evaluation 300
[DEBUG 2024-03-20 16:36:41] archive size is now 202
[DEBUG 2024-03-20 16:36:41] population size is now 200
[DEBUG 2024-03-20 16:36:41] observation using observer at generation 2 and evaluation 300
[INFO 2024-03-20 16:36:41] Generation 2 (300 evaluations), best individual fitness: [8.147221587158286, 8.147221587158286]
[DEBUG 2024-03-20 16:36:41] Saving population file to "unique-name/42-population.csv-generation-2.csv"...
[DEBUG 2024-03-20 16:36:41] termination test using evaluation_termination at generation 2 and evaluation 300
[DEBUG 2024-03-20 16:36:41] selection using tournament_selection at generation 2 and evaluation 300
[DEBUG 2024-03-20 16:36:41] selected 50 candidates
[DEBUG 2024-03-20 16:36:41] variation using n_point_crossover at generation 2 and evaluation 300
[DEBUG 2024-03-20 16:36:41] variation using gaussian_mutation at generation 2 and evaluation 300
[DEBUG 2024-03-20 16:36:41] created 50 offspring
[DEBUG 2024-03-20 16:36:41] evaluation using multi_thread_evaluator at generation 2 and evaluation 300
[DEBUG 2024-03-20 16:36:41] Starting multi-threaded evaluation...
[DEBUG 2024-03-20 16:36:41] replacement using nsga_replacement at generation 2 and evaluation 350
[DEBUG 2024-03-20 16:36:41] population size is now 200
[DEBUG 2024-03-20 16:36:41] migration using default_migration at generation 2 and evaluation 350
[DEBUG 2024-03-20 16:36:41] population size is now 200
[DEBUG 2024-03-20 16:36:41] archival using best_archiver at generation 2 and evaluation 350
[DEBUG 2024-03-20 16:36:42] archive size is now 203
[DEBUG 2024-03-20 16:36:42] population size is now 200
[DEBUG 2024-03-20 16:36:42] observation using observer at generation 3 and evaluation 350
[INFO 2024-03-20 16:36:42] Generation 3 (350 evaluations), best individual fitness: [8.147221587158286, 8.147221587158286]
[DEBUG 2024-03-20 16:36:42] Saving population file to "unique-name/42-population.csv-generation-3.csv"...
[DEBUG 2024-03-20 16:36:42] termination test using evaluation_termination at generation 3 and evaluation 350
[DEBUG 2024-03-20 16:36:42] selection using tournament_selection at generation 3 and evaluation 350
[DEBUG 2024-03-20 16:36:42] selected 50 candidates
[DEBUG 2024-03-20 16:36:42] variation using n_point_crossover at generation 3 and evaluation 350
[DEBUG 2024-03-20 16:36:42] variation using gaussian_mutation at generation 3 and evaluation 350
[DEBUG 2024-03-20 16:36:42] created 50 offspring
[DEBUG 2024-03-20 16:36:42] evaluation using multi_thread_evaluator at generation 3 and evaluation 350
[DEBUG 2024-03-20 16:36:42] Starting multi-threaded evaluation...
[DEBUG 2024-03-20 16:36:42] replacement using nsga_replacement at generation 3 and evaluation 400
[DEBUG 2024-03-20 16:36:42] population size is now 200
[DEBUG 2024-03-20 16:36:42] migration using default_migration at generation 3 and evaluation 400
[DEBUG 2024-03-20 16:36:42] population size is now 200
[DEBUG 2024-03-20 16:36:42] archival using best_archiver at generation 3 and evaluation 400
[DEBUG 2024-03-20 16:36:42] archive size is now 204
[DEBUG 2024-03-20 16:36:42] population size is now 200
[DEBUG 2024-03-20 16:36:42] observation using observer at generation 4 and evaluation 400
[INFO 2024-03-20 16:36:42] Generation 4 (400 evaluations), best individual fitness: [8.147221587158286, 8.147221587158286]
[DEBUG 2024-03-20 16:36:42] Saving population file to "unique-name/42-population.csv-generation-4.csv"...
[DEBUG 2024-03-20 16:36:42] termination test using evaluation_termination at generation 4 and evaluation 400
[DEBUG 2024-03-20 16:36:42] selection using tournament_selection at generation 4 and evaluation 400
[DEBUG 2024-03-20 16:36:42] selected 50 candidates
[DEBUG 2024-03-20 16:36:42] variation using n_point_crossover at generation 4 and evaluation 400
[DEBUG 2024-03-20 16:36:42] variation using gaussian_mutation at generation 4 and evaluation 400
[DEBUG 2024-03-20 16:36:42] created 50 offspring
[DEBUG 2024-03-20 16:36:42] evaluation using multi_thread_evaluator at generation 4 and evaluation 400
[DEBUG 2024-03-20 16:36:42] Starting multi-threaded evaluation...
[DEBUG 2024-03-20 16:36:42] replacement using nsga_replacement at generation 4 and evaluation 450
[DEBUG 2024-03-20 16:36:42] population size is now 200
[DEBUG 2024-03-20 16:36:42] migration using default_migration at generation 4 and evaluation 450
[DEBUG 2024-03-20 16:36:42] population size is now 200
[DEBUG 2024-03-20 16:36:42] archival using best_archiver at generation 4 and evaluation 450
[DEBUG 2024-03-20 16:36:42] archive size is now 205
[DEBUG 2024-03-20 16:36:42] population size is now 200
[DEBUG 2024-03-20 16:36:42] observation using observer at generation 5 and evaluation 450
[INFO 2024-03-20 16:36:42] Generation 5 (450 evaluations), best individual fitness: [8.147221587158286, 8.147221587158286]
[DEBUG 2024-03-20 16:36:42] Saving population file to "unique-name/42-population.csv-generation-5.csv"...
[DEBUG 2024-03-20 16:36:42] termination test using evaluation_termination at generation 5 and evaluation 450
[DEBUG 2024-03-20 16:36:42] selection using tournament_selection at generation 5 and evaluation 450
[DEBUG 2024-03-20 16:36:42] selected 50 candidates
[DEBUG 2024-03-20 16:36:42] variation using n_point_crossover at generation 5 and evaluation 450
[DEBUG 2024-03-20 16:36:42] variation using gaussian_mutation at generation 5 and evaluation 450
[DEBUG 2024-03-20 16:36:42] created 50 offspring
[DEBUG 2024-03-20 16:36:42] evaluation using multi_thread_evaluator at generation 5 and evaluation 450
[DEBUG 2024-03-20 16:36:42] Starting multi-threaded evaluation...
[DEBUG 2024-03-20 16:36:42] replacement using nsga_replacement at generation 5 and evaluation 500
[DEBUG 2024-03-20 16:36:42] population size is now 200
[DEBUG 2024-03-20 16:36:42] migration using default_migration at generation 5 and evaluation 500
[DEBUG 2024-03-20 16:36:42] population size is now 200
[DEBUG 2024-03-20 16:36:42] archival using best_archiver at generation 5 and evaluation 500
[DEBUG 2024-03-20 16:36:42] archive size is now 206
[DEBUG 2024-03-20 16:36:42] population size is now 200
[DEBUG 2024-03-20 16:36:42] observation using observer at generation 6 and evaluation 500
[INFO 2024-03-20 16:36:42] Generation 6 (500 evaluations), best individual fitness: [8.147221587158286, 8.147221587158286]
[DEBUG 2024-03-20 16:36:42] Saving population file to "unique-name/42-population.csv-generation-6.csv"...
[DEBUG 2024-03-20 16:36:42] termination test using evaluation_termination at generation 6 and evaluation 500
[DEBUG 2024-03-20 16:36:42] termination from evaluation_termination at generation 6 and evaluation 500
